<?xml version="1.0" encoding="UTF-8"?>
<!-- Generated by org.testng.reporters.JUnitReportReporter -->
<testsuite skipped="0" hostname="LAPTOP-5K471UKM" name="script.TestInvalidLogin" tests="1" failures="0" timestamp="09 Jun 2020 13:12:38 GMT" time="31.278" errors="0">
  <testcase name="InvalidLogin" time="31.278" classname="script.TestInvalidLogin"/>
</testsuite> <!-- script.TestInvalidLogin -->
