<?xml version="1.0" encoding="UTF-8"?>
<!-- Generated by org.testng.reporters.JUnitReportReporter -->
<testsuite skipped="0" hostname="LAPTOP-5K471UKM" name="script.TestValidLogin" tests="1" failures="0" timestamp="09 Jun 2020 13:12:38 GMT" time="49.341" errors="0">
  <testcase name="ValidLogin" time="49.341" classname="script.TestValidLogin"/>
</testsuite> <!-- script.TestValidLogin -->
